
======================================================================
  EXPERIMENT 4 — Sensitivity to ε
======================================================================

────────────────────────────────────────────────────────────
  Dataset: HIV
[HIV] 35228 nodes, 49779 edges
  [Seed] S=35223, N=0, I=5, R=0
         ε     H_final   eval_counts    time_s
  ────────  ──────────  ────────────  ────────
     0.001     44.3258           665   149.377s
     0.005     44.3258           665   174.075s
     0.010     44.3258           665   184.710s
     0.020     44.3258           665   156.226s
     0.050     44.3258           665   138.344s
     0.100     44.3258           665   130.781s
     0.200     44.3258           665   123.102s
     0.500     44.3258           665   118.938s
  ✓ Saved → results/experiment4/HIV_epsilon_sensitivity.json

────────────────────────────────────────────────────────────
  Dataset: p2p-Gnutella
[p2p-Gnutella] 6301 nodes, 20777 edges
  [Seed] S=6296, N=0, I=5, R=0
         ε     H_final   eval_counts    time_s
  ────────  ──────────  ────────────  ────────
     0.001     24.1344           181    21.297s
     0.005     24.1344           181    22.268s
     0.010     24.1344           181    21.113s
     0.020     24.1344           181    22.307s
     0.050     24.1344           181    22.469s
     0.100     24.1344           181    22.071s
     0.200     24.1344           181    21.492s
     0.500     24.1344           181    21.497s
  ✓ Saved → results/experiment4/p2p-Gnutella_epsilon_sensitivity.json
