
======================================================================
  EXPERIMENT 8 — Robustness to Seed Selection
======================================================================

────────────────────────────────────────────────────────────
  Dataset: HIV
[HIV] 35228 nodes, 49779 edges

  Seed size = 1 (10 trials)
  [Seed] S=35227, N=0, I=1, R=0
  [Seed] S=35227, N=0, I=1, R=0
  [Seed] S=35227, N=0, I=1, R=0
  [Seed] S=35227, N=0, I=1, R=0
  [Seed] S=35227, N=0, I=1, R=0
  [Seed] S=35227, N=0, I=1, R=0
  [Seed] S=35227, N=0, I=1, R=0
  [Seed] S=35227, N=0, I=1, R=0
  [Seed] S=35227, N=0, I=1, R=0
  [Seed] S=35227, N=0, I=1, R=0
    SG-SNIR  mean=4.2543  std=1.3989

  Seed size = 3 (10 trials)
  [Seed] S=35225, N=0, I=3, R=0
  [Seed] S=35225, N=0, I=3, R=0
  [Seed] S=35225, N=0, I=3, R=0
  [Seed] S=35225, N=0, I=3, R=0
  [Seed] S=35225, N=0, I=3, R=0
  [Seed] S=35225, N=0, I=3, R=0
  [Seed] S=35225, N=0, I=3, R=0
  [Seed] S=35225, N=0, I=3, R=0
  [Seed] S=35225, N=0, I=3, R=0
  [Seed] S=35225, N=0, I=3, R=0
    SG-SNIR  mean=15.4448  std=4.2263

  Seed size = 5 (10 trials)
  [Seed] S=35223, N=0, I=5, R=0
  [Seed] S=35223, N=0, I=5, R=0
  [Seed] S=35223, N=0, I=5, R=0
  [Seed] S=35223, N=0, I=5, R=0
  [Seed] S=35223, N=0, I=5, R=0
  [Seed] S=35223, N=0, I=5, R=0
  [Seed] S=35223, N=0, I=5, R=0
  [Seed] S=35223, N=0, I=5, R=0
  [Seed] S=35223, N=0, I=5, R=0
  [Seed] S=35223, N=0, I=5, R=0
    SG-SNIR  mean=39.2116  std=26.6817

  Seed size = 10 (10 trials)
  [Seed] S=35218, N=0, I=10, R=0
  [Seed] S=35218, N=0, I=10, R=0
  [Seed] S=35218, N=0, I=10, R=0
  [Seed] S=35218, N=0, I=10, R=0
  [Seed] S=35218, N=0, I=10, R=0
  [Seed] S=35218, N=0, I=10, R=0
  [Seed] S=35218, N=0, I=10, R=0
  [Seed] S=35218, N=0, I=10, R=0
  [Seed] S=35218, N=0, I=10, R=0
  [Seed] S=35218, N=0, I=10, R=0
    SG-SNIR  mean=81.2395  std=27.8482

  Seed size = 20 (10 trials)
  [Seed] S=35208, N=0, I=20, R=0
  [Seed] S=35208, N=0, I=20, R=0
  [Seed] S=35208, N=0, I=20, R=0
  [Seed] S=35208, N=0, I=20, R=0
  [Seed] S=35208, N=0, I=20, R=0
  [Seed] S=35208, N=0, I=20, R=0
  [Seed] S=35208, N=0, I=20, R=0
  [Seed] S=35208, N=0, I=20, R=0
  [Seed] S=35208, N=0, I=20, R=0
  [Seed] S=35208, N=0, I=20, R=0
    SG-SNIR  mean=169.1654  std=36.9084

  ✓ Saved → results/experiment8/HIV_robustness.json

────────────────────────────────────────────────────────────
  Dataset: Wiki-Vote
[Wiki-Vote] 7115 nodes, 103689 edges

  Seed size = 1 (10 trials)
  [Seed] S=7114, N=0, I=1, R=0
  [Seed] S=7114, N=0, I=1, R=0
  [Seed] S=7114, N=0, I=1, R=0
  [Seed] S=7114, N=0, I=1, R=0
  [Seed] S=7114, N=0, I=1, R=0
  [Seed] S=7114, N=0, I=1, R=0
  [Seed] S=7114, N=0, I=1, R=0
  [Seed] S=7114, N=0, I=1, R=0
  [Seed] S=7114, N=0, I=1, R=0
  [Seed] S=7114, N=0, I=1, R=0
    SG-SNIR  mean=5.4147  std=4.1679

  Seed size = 3 (10 trials)
  [Seed] S=7112, N=0, I=3, R=0
  [Seed] S=7112, N=0, I=3, R=0
  [Seed] S=7112, N=0, I=3, R=0
  [Seed] S=7112, N=0, I=3, R=0
  [Seed] S=7112, N=0, I=3, R=0
  [Seed] S=7112, N=0, I=3, R=0
  [Seed] S=7112, N=0, I=3, R=0
  [Seed] S=7112, N=0, I=3, R=0
  [Seed] S=7112, N=0, I=3, R=0
  [Seed] S=7112, N=0, I=3, R=0
    SG-SNIR  mean=12.4995  std=5.6708

  Seed size = 5 (10 trials)
  [Seed] S=7110, N=0, I=5, R=0
  [Seed] S=7110, N=0, I=5, R=0
  [Seed] S=7110, N=0, I=5, R=0
  [Seed] S=7110, N=0, I=5, R=0
  [Seed] S=7110, N=0, I=5, R=0
  [Seed] S=7110, N=0, I=5, R=0
  [Seed] S=7110, N=0, I=5, R=0
  [Seed] S=7110, N=0, I=5, R=0
  [Seed] S=7110, N=0, I=5, R=0
  [Seed] S=7110, N=0, I=5, R=0
    SG-SNIR  mean=20.3723  std=6.2376

  Seed size = 10 (10 trials)
  [Seed] S=7105, N=0, I=10, R=0
  [Seed] S=7105, N=0, I=10, R=0
  [Seed] S=7105, N=0, I=10, R=0
  [Seed] S=7105, N=0, I=10, R=0
  [Seed] S=7105, N=0, I=10, R=0
  [Seed] S=7105, N=0, I=10, R=0
  [Seed] S=7105, N=0, I=10, R=0
  [Seed] S=7105, N=0, I=10, R=0
  [Seed] S=7105, N=0, I=10, R=0
  [Seed] S=7105, N=0, I=10, R=0
    SG-SNIR  mean=44.6471  std=10.0155

  Seed size = 20 (10 trials)
  [Seed] S=7095, N=0, I=20, R=0
  [Seed] S=7095, N=0, I=20, R=0
  [Seed] S=7095, N=0, I=20, R=0
  [Seed] S=7095, N=0, I=20, R=0
  [Seed] S=7095, N=0, I=20, R=0
  [Seed] S=7095, N=0, I=20, R=0
  [Seed] S=7095, N=0, I=20, R=0
  [Seed] S=7095, N=0, I=20, R=0
  [Seed] S=7095, N=0, I=20, R=0
  [Seed] S=7095, N=0, I=20, R=0
    SG-SNIR  mean=88.6779  std=11.1676

  ✓ Saved → results/experiment8/Wiki-Vote_robustness.json
